<?xml version="1.0" encoding="UTF-8"?><testsuite errors="0" failures="1" name="org.example.features.search.EmagSearchByPrice" skipped="0" tests="2" time="21.25" timestamp="2021-05-01 11:17:08"><testcase classname="org.example.features.search.EmagSearchByPrice" name="Search emag by product"><failure message="&#10;Expected: not a collection containing a string containing &quot;10000 Lei&quot;&#10;     but: was &lt;[38099 Lei, 38999 Lei, 39999 Lei, 38099 Lei, 39999 Lei, 67425 Lei, 1090 Lei, 87935 Lei, 49800 Lei, 62300 Lei, 62300 Lei, 10000 Lei, 60700 Lei, 4000 Lei, 6000 Lei, 4000 Lei, 57000 Lei, 4000 Lei, 4000 Lei, 4000 Lei, 4000 Lei, 4000 Lei, 4000 Lei, 4000 Lei, 6000 Lei, 6000 Lei, 6000 Lei, 6000 Lei, 6000 Lei, 6000 Lei, 6000 Lei, 39999 Lei, , , , , , ]&gt;" type="java.lang.AssertionError">
Expected: not a collection containing a string containing "10000 Lei"
     but: was &lt;[38099 Lei, 38999 Lei, 39999 Lei, 38099 Lei, 39999 Lei, 67425 Lei, 1090 Lei, 87935 Lei, 49800 Lei, 62300 Lei, 62300 Lei, 10000 Lei, 60700 Lei, 4000 Lei, 6000 Lei, 4000 Lei, 57000 Lei, 4000 Lei, 4000 Lei, 4000 Lei, 4000 Lei, 4000 Lei, 4000 Lei, 4000 Lei, 6000 Lei, 6000 Lei, 6000 Lei, 6000 Lei, 6000 Lei, 6000 Lei, 6000 Lei, 39999 Lei, , , , , , ]&gt;</failure><system-err>
Expected: not a collection containing a string containing "10000 Lei"
     but: was &lt;[38099 Lei, 38999 Lei, 39999 Lei, 38099 Lei, 39999 Lei, 67425 Lei, 1090 Lei, 87935 Lei, 49800 Lei, 62300 Lei, 62300 Lei, 10000 Lei, 60700 Lei, 4000 Lei, 6000 Lei, 4000 Lei, 57000 Lei, 4000 Lei, 4000 Lei, 4000 Lei, 4000 Lei, 4000 Lei, 4000 Lei, 4000 Lei, 6000 Lei, 6000 Lei, 6000 Lei, 6000 Lei, 6000 Lei, 6000 Lei, 6000 Lei, 39999 Lei, , , , , , ]&gt;&#13;
org.example.steps.serenity.EmagEndUserSteps.should_not_find_requested_price(EmagEndUserSteps.java:30)&#13;
org.example.features.search.EmagSearchByPrice.searchEmagByProduct(EmagSearchByPrice.java:49)&#13;
</system-err></testcase></testsuite>