<?xml version="1.0" encoding="UTF-8"?><testsuite errors="0" failures="2" name="org.example.features.search.EmagSearchByPrice" skipped="4" tests="8" time="53.19" timestamp="2021-05-11 02:08:52"><testcase classname="org.example.features.search.EmagSearchByPrice" name="Search emag by product resigilate"><failure message="&#10;Expected: a collection containing a string containing &quot;20 Lei&quot;&#10;     but: was &quot;de la 3.84999 Lei&quot;, was &quot;de la 4.89999 Lei&quot;, was &quot;de la 76999 Lei&quot;, was &quot;de la 2.48999 Lei&quot;, was &quot;de la 2.94999 Lei&quot;, was &quot;de la 66999 Lei&quot;, was &quot;de la 2.54999 Lei&quot;, was &quot;de la 79999 Lei&quot;, was &quot;de la 1.44999 Lei&quot;, was &quot;de la 2.54999 Lei&quot;, was &quot;de la 6.19999 Lei&quot;, was &quot;de la 1.44999 Lei&quot;, was &quot;de la 31.04999 Lei&quot;, was &quot;de la 6.94999 Lei&quot;, was &quot;de la 1.55999 Lei&quot;, was &quot;de la 1.01999 Lei&quot;, was &quot;de la 3.19999 Lei&quot;, was &quot;de la 1.00999 Lei&quot;, was &quot;de la 45999 Lei&quot;, was &quot;de la 4.89999 Lei&quot;, was &quot;de la 1.31999 Lei&quot;, was &quot;de la 43999 Lei&quot;, was &quot;de la 1.96999 Lei&quot;, was &quot;de la 5.09999 Lei&quot;, was &quot;de la 5.24999 Lei&quot;, was &quot;de la 3.59999 Lei&quot;, was &quot;de la 3.54999 Lei&quot;, was &quot;de la 13.94999 Lei&quot;, was &quot;de la 72999 Lei&quot;, was &quot;de la 3.64999 Lei&quot;, was &quot;de la 55999 Lei&quot;, was &quot;de la 9.89999 Lei&quot;, was &quot;de la 47999 Lei&quot;, was &quot;de la 3.29999 Lei&quot;, was &quot;de la 20.89999 Lei&quot;, was &quot;de la 1.37999 Lei&quot;, was &quot;de la 75999 Lei&quot;, was &quot;de la 1.19999 Lei&quot;, was &quot;de la 4.54999 Lei&quot;, was &quot;de la 2.37999 Lei&quot;, was &quot;de la 1.14999 Lei&quot;, was &quot;de la 1.50999 Lei&quot;, was &quot;de la 2.79999 Lei&quot;, was &quot;de la 1.55999 Lei&quot;, was &quot;de la 1.37999 Lei&quot;, was &quot;de la 3.54999 Lei&quot;, was &quot;de la 11.59999 Lei&quot;, was &quot;de la 26999 Lei&quot;, was &quot;de la 5.44999 Lei&quot;, was &quot;de la 92999 Lei&quot;, was &quot;de la 1.15999 Lei&quot;, was &quot;de la 81999 Lei&quot;, was &quot;de la 2.89999 Lei&quot;, was &quot;de la 2.74999 Lei&quot;, was &quot;de la 2.10999 Lei&quot;, was &quot;de la 1.05999 Lei&quot;, was &quot;de la 1.21999 Lei&quot;, was &quot;de la 1.04999 Lei&quot;, was &quot;de la 1.35999 Lei&quot;, was &quot;de la 4.74999 Lei&quot;, was &quot;&quot;, was &quot;&quot;, was &quot;&quot;, was &quot;&quot;, was &quot;&quot;, was &quot;&quot;" type="java.lang.AssertionError">
Expected: a collection containing a string containing "20 Lei"
     but: was "de la 3.84999 Lei", was "de la 4.89999 Lei", was "de la 76999 Lei", was "de la 2.48999 Lei", was "de la 2.94999 Lei", was "de la 66999 Lei", was "de la 2.54999 Lei", was "de la 79999 Lei", was "de la 1.44999 Lei", was "de la 2.54999 Lei", was "de la 6.19999 Lei", was "de la 1.44999 Lei", was "de la 31.04999 Lei", was "de la 6.94999 Lei", was "de la 1.55999 Lei", was "de la 1.01999 Lei", was "de la 3.19999 Lei", was "de la 1.00999 Lei", was "de la 45999 Lei", was "de la 4.89999 Lei", was "de la 1.31999 Lei", was "de la 43999 Lei", was "de la 1.96999 Lei", was "de la 5.09999 Lei", was "de la 5.24999 Lei", was "de la 3.59999 Lei", was "de la 3.54999 Lei", was "de la 13.94999 Lei", was "de la 72999 Lei", was "de la 3.64999 Lei", was "de la 55999 Lei", was "de la 9.89999 Lei", was "de la 47999 Lei", was "de la 3.29999 Lei", was "de la 20.89999 Lei", was "de la 1.37999 Lei", was "de la 75999 Lei", was "de la 1.19999 Lei", was "de la 4.54999 Lei", was "de la 2.37999 Lei", was "de la 1.14999 Lei", was "de la 1.50999 Lei", was "de la 2.79999 Lei", was "de la 1.55999 Lei", was "de la 1.37999 Lei", was "de la 3.54999 Lei", was "de la 11.59999 Lei", was "de la 26999 Lei", was "de la 5.44999 Lei", was "de la 92999 Lei", was "de la 1.15999 Lei", was "de la 81999 Lei", was "de la 2.89999 Lei", was "de la 2.74999 Lei", was "de la 2.10999 Lei", was "de la 1.05999 Lei", was "de la 1.21999 Lei", was "de la 1.04999 Lei", was "de la 1.35999 Lei", was "de la 4.74999 Lei", was "", was "", was "", was "", was "", was ""</failure><system-err>
Expected: a collection containing a string containing "20 Lei"
     but: was "de la 3.84999 Lei", was "de la 4.89999 Lei", was "de la 76999 Lei", was "de la 2.48999 Lei", was "de la 2.94999 Lei", was "de la 66999 Lei", was "de la 2.54999 Lei", was "de la 79999 Lei", was "de la 1.44999 Lei", was "de la 2.54999 Lei", was "de la 6.19999 Lei", was "de la 1.44999 Lei", was "de la 31.04999 Lei", was "de la 6.94999 Lei", was "de la 1.55999 Lei", was "de la 1.01999 Lei", was "de la 3.19999 Lei", was "de la 1.00999 Lei", was "de la 45999 Lei", was "de la 4.89999 Lei", was "de la 1.31999 Lei", was "de la 43999 Lei", was "de la 1.96999 Lei", was "de la 5.09999 Lei", was "de la 5.24999 Lei", was "de la 3.59999 Lei", was "de la 3.54999 Lei", was "de la 13.94999 Lei", was "de la 72999 Lei", was "de la 3.64999 Lei", was "de la 55999 Lei", was "de la 9.89999 Lei", was "de la 47999 Lei", was "de la 3.29999 Lei", was "de la 20.89999 Lei", was "de la 1.37999 Lei", was "de la 75999 Lei", was "de la 1.19999 Lei", was "de la 4.54999 Lei", was "de la 2.37999 Lei", was "de la 1.14999 Lei", was "de la 1.50999 Lei", was "de la 2.79999 Lei", was "de la 1.55999 Lei", was "de la 1.37999 Lei", was "de la 3.54999 Lei", was "de la 11.59999 Lei", was "de la 26999 Lei", was "de la 5.44999 Lei", was "de la 92999 Lei", was "de la 1.15999 Lei", was "de la 81999 Lei", was "de la 2.89999 Lei", was "de la 2.74999 Lei", was "de la 2.10999 Lei", was "de la 1.05999 Lei", was "de la 1.21999 Lei", was "de la 1.04999 Lei", was "de la 1.35999 Lei", was "de la 4.74999 Lei", was "", was "", was "", was "", was "", was ""&#13;
org.example.steps.serenity.EmagEndUserSteps.should_see_price(EmagEndUserSteps.java:25)&#13;
org.example.features.search.EmagSearchByPrice.searchEmagByProductResigilate(EmagSearchByPrice.java:56)&#13;
</system-err></testcase><testcase classname="org.example.features.search.EmagSearchByPrice" name="Search emag by product"><failure message="&#10;Expected: a collection containing a string containing &quot;10 Lei&quot;&#10;     but: was &quot;36999 Lei&quot;, was &quot;35999 Lei&quot;, was &quot;38999 Lei&quot;, was &quot;35999 Lei&quot;, was &quot;42999 Lei&quot;, was &quot;67425 Lei&quot;, was &quot;39999 Lei&quot;, was &quot;1089 Lei&quot;, was &quot;87935 Lei&quot;, was &quot;10000 Lei&quot;, was &quot;60700 Lei&quot;, was &quot;63200 Lei&quot;, was &quot;50600 Lei&quot;, was &quot;53700 Lei&quot;, was &quot;6000 Lei&quot;, was &quot;6000 Lei&quot;, was &quot;14720 Lei&quot;, was &quot;57000 Lei&quot;, was &quot;4000 Lei&quot;, was &quot;4000 Lei&quot;, was &quot;4000 Lei&quot;, was &quot;4000 Lei&quot;, was &quot;4000 Lei&quot;, was &quot;4000 Lei&quot;, was &quot;4000 Lei&quot;, was &quot;4000 Lei&quot;, was &quot;4000 Lei&quot;, was &quot;6000 Lei&quot;, was &quot;6000 Lei&quot;, was &quot;6000 Lei&quot;, was &quot;6000 Lei&quot;, was &quot;6000 Lei&quot;, was &quot;6000 Lei&quot;, was &quot;&quot;, was &quot;&quot;, was &quot;&quot;, was &quot;&quot;, was &quot;&quot;, was &quot;&quot;" type="java.lang.AssertionError">
Expected: a collection containing a string containing "10 Lei"
     but: was "36999 Lei", was "35999 Lei", was "38999 Lei", was "35999 Lei", was "42999 Lei", was "67425 Lei", was "39999 Lei", was "1089 Lei", was "87935 Lei", was "10000 Lei", was "60700 Lei", was "63200 Lei", was "50600 Lei", was "53700 Lei", was "6000 Lei", was "6000 Lei", was "14720 Lei", was "57000 Lei", was "4000 Lei", was "4000 Lei", was "4000 Lei", was "4000 Lei", was "4000 Lei", was "4000 Lei", was "4000 Lei", was "4000 Lei", was "4000 Lei", was "6000 Lei", was "6000 Lei", was "6000 Lei", was "6000 Lei", was "6000 Lei", was "6000 Lei", was "", was "", was "", was "", was "", was ""</failure><system-err>
Expected: a collection containing a string containing "10 Lei"
     but: was "36999 Lei", was "35999 Lei", was "38999 Lei", was "35999 Lei", was "42999 Lei", was "67425 Lei", was "39999 Lei", was "1089 Lei", was "87935 Lei", was "10000 Lei", was "60700 Lei", was "63200 Lei", was "50600 Lei", was "53700 Lei", was "6000 Lei", was "6000 Lei", was "14720 Lei", was "57000 Lei", was "4000 Lei", was "4000 Lei", was "4000 Lei", was "4000 Lei", was "4000 Lei", was "4000 Lei", was "4000 Lei", was "4000 Lei", was "4000 Lei", was "6000 Lei", was "6000 Lei", was "6000 Lei", was "6000 Lei", was "6000 Lei", was "6000 Lei", was "", was "", was "", was "", was "", was ""&#13;
org.example.steps.serenity.EmagEndUserSteps.should_see_price(EmagEndUserSteps.java:25)&#13;
org.example.features.search.EmagSearchByPrice.searchEmagByProduct(EmagSearchByPrice.java:44)&#13;
</system-err></testcase></testsuite>