<?xml version="1.0" encoding="UTF-8"?><testsuite errors="0" failures="4" name="org.example.features.search.EmagSearchByPrice" skipped="0" tests="8" time="108.79" timestamp="2021-05-04 04:22:03"><testcase classname="org.example.features.search.EmagSearchByPrice" name="Search emag by product filter"><failure message="&#10;Expected: a collection containing a string containing &quot;3.68900 Lei&quot;&#10;     but: was &quot;de la 1.79999 Lei&quot;, was &quot;de la 3.94999 Lei&quot;, was &quot;de la 4.89999 Lei&quot;, was &quot;de la 1.10999 Lei&quot;, was &quot;de la 72999 Lei&quot;, was &quot;de la 2.48999 Lei&quot;, was &quot;de la 2.99999 Lei&quot;, was &quot;de la 9.14999 Lei&quot;, was &quot;de la 60999 Lei&quot;, was &quot;de la 1.38999 Lei&quot;, was &quot;de la 2.25999 Lei&quot;, was &quot;de la 1.39999 Lei&quot;, was &quot;de la 54999 Lei&quot;, was &quot;de la 3.84999 Lei&quot;, was &quot;de la 31.04999 Lei&quot;, was &quot;de la 6.94999 Lei&quot;, was &quot;de la 1.10999 Lei&quot;, was &quot;de la 67999 Lei&quot;, was &quot;de la 3.04999 Lei&quot;, was &quot;de la 3.39999 Lei&quot;, was &quot;de la 3.19999 Lei&quot;, was &quot;de la 3.89999 Lei&quot;, was &quot;de la 1.31999 Lei&quot;, was &quot;de la 5.34999 Lei&quot;, was &quot;de la 99999 Lei&quot;, was &quot;de la 5.09999 Lei&quot;, was &quot;de la 1.90999 Lei&quot;, was &quot;de la 61999 Lei&quot;, was &quot;de la 72999 Lei&quot;, was &quot;de la 7.04999 Lei&quot;, was &quot;de la 12.74999 Lei&quot;, was &quot;de la 3.64999 Lei&quot;, was &quot;de la 20.89999 Lei&quot;, was &quot;de la 1.21999 Lei&quot;, was &quot;de la 4.29999 Lei&quot;, was &quot;de la 93999 Lei&quot;, was &quot;de la 5.09999 Lei&quot;, was &quot;de la 12.14999 Lei&quot;, was &quot;de la 68999 Lei&quot;, was &quot;de la 1.21999 Lei&quot;, was &quot;de la 2.23999 Lei&quot;, was &quot;de la 1.55999 Lei&quot;, was &quot;de la 2.07999 Lei&quot;, was &quot;de la 1.60999 Lei&quot;, was &quot;de la 3.49999 Lei&quot;, was &quot;de la 1.24999 Lei&quot;, was &quot;de la 1.18999 Lei&quot;, was &quot;de la 9.89999 Lei&quot;, was &quot;de la 2.89999 Lei&quot;, was &quot;de la 10.94999 Lei&quot;, was &quot;de la 99999 Lei&quot;, was &quot;de la 83999 Lei&quot;, was &quot;de la 2.74999 Lei&quot;, was &quot;de la 10.44999 Lei&quot;, was &quot;de la 2.54999 Lei&quot;, was &quot;de la 1.37999 Lei&quot;, was &quot;de la 24999 Lei&quot;, was &quot;de la 1.37999 Lei&quot;, was &quot;de la 1.24999 Lei&quot;, was &quot;de la 43999 Lei&quot;, was &quot;&quot;, was &quot;&quot;, was &quot;&quot;, was &quot;&quot;, was &quot;&quot;, was &quot;&quot;" type="java.lang.AssertionError">
Expected: a collection containing a string containing "3.68900 Lei"
     but: was "de la 1.79999 Lei", was "de la 3.94999 Lei", was "de la 4.89999 Lei", was "de la 1.10999 Lei", was "de la 72999 Lei", was "de la 2.48999 Lei", was "de la 2.99999 Lei", was "de la 9.14999 Lei", was "de la 60999 Lei", was "de la 1.38999 Lei", was "de la 2.25999 Lei", was "de la 1.39999 Lei", was "de la 54999 Lei", was "de la 3.84999 Lei", was "de la 31.04999 Lei", was "de la 6.94999 Lei", was "de la 1.10999 Lei", was "de la 67999 Lei", was "de la 3.04999 Lei", was "de la 3.39999 Lei", was "de la 3.19999 Lei", was "de la 3.89999 Lei", was "de la 1.31999 Lei", was "de la 5.34999 Lei", was "de la 99999 Lei", was "de la 5.09999 Lei", was "de la 1.90999 Lei", was "de la 61999 Lei", was "de la 72999 Lei", was "de la 7.04999 Lei", was "de la 12.74999 Lei", was "de la 3.64999 Lei", was "de la 20.89999 Lei", was "de la 1.21999 Lei", was "de la 4.29999 Lei", was "de la 93999 Lei", was "de la 5.09999 Lei", was "de la 12.14999 Lei", was "de la 68999 Lei", was "de la 1.21999 Lei", was "de la 2.23999 Lei", was "de la 1.55999 Lei", was "de la 2.07999 Lei", was "de la 1.60999 Lei", was "de la 3.49999 Lei", was "de la 1.24999 Lei", was "de la 1.18999 Lei", was "de la 9.89999 Lei", was "de la 2.89999 Lei", was "de la 10.94999 Lei", was "de la 99999 Lei", was "de la 83999 Lei", was "de la 2.74999 Lei", was "de la 10.44999 Lei", was "de la 2.54999 Lei", was "de la 1.37999 Lei", was "de la 24999 Lei", was "de la 1.37999 Lei", was "de la 1.24999 Lei", was "de la 43999 Lei", was "", was "", was "", was "", was "", was ""</failure><system-err>
Expected: a collection containing a string containing "3.68900 Lei"
     but: was "de la 1.79999 Lei", was "de la 3.94999 Lei", was "de la 4.89999 Lei", was "de la 1.10999 Lei", was "de la 72999 Lei", was "de la 2.48999 Lei", was "de la 2.99999 Lei", was "de la 9.14999 Lei", was "de la 60999 Lei", was "de la 1.38999 Lei", was "de la 2.25999 Lei", was "de la 1.39999 Lei", was "de la 54999 Lei", was "de la 3.84999 Lei", was "de la 31.04999 Lei", was "de la 6.94999 Lei", was "de la 1.10999 Lei", was "de la 67999 Lei", was "de la 3.04999 Lei", was "de la 3.39999 Lei", was "de la 3.19999 Lei", was "de la 3.89999 Lei", was "de la 1.31999 Lei", was "de la 5.34999 Lei", was "de la 99999 Lei", was "de la 5.09999 Lei", was "de la 1.90999 Lei", was "de la 61999 Lei", was "de la 72999 Lei", was "de la 7.04999 Lei", was "de la 12.74999 Lei", was "de la 3.64999 Lei", was "de la 20.89999 Lei", was "de la 1.21999 Lei", was "de la 4.29999 Lei", was "de la 93999 Lei", was "de la 5.09999 Lei", was "de la 12.14999 Lei", was "de la 68999 Lei", was "de la 1.21999 Lei", was "de la 2.23999 Lei", was "de la 1.55999 Lei", was "de la 2.07999 Lei", was "de la 1.60999 Lei", was "de la 3.49999 Lei", was "de la 1.24999 Lei", was "de la 1.18999 Lei", was "de la 9.89999 Lei", was "de la 2.89999 Lei", was "de la 10.94999 Lei", was "de la 99999 Lei", was "de la 83999 Lei", was "de la 2.74999 Lei", was "de la 10.44999 Lei", was "de la 2.54999 Lei", was "de la 1.37999 Lei", was "de la 24999 Lei", was "de la 1.37999 Lei", was "de la 1.24999 Lei", was "de la 43999 Lei", was "", was "", was "", was "", was "", was ""&#13;
org.example.steps.serenity.EmagEndUserSteps.should_see_price(EmagEndUserSteps.java:25)&#13;
org.example.features.search.EmagSearchByPrice.searchEmagByProductFilter(EmagSearchByPrice.java:62)&#13;
</system-err></testcase><testcase classname="org.example.features.search.EmagSearchByPrice" name="Search emag by product"><failure message="&#10;Expected: not a collection containing a string containing &quot;10000 Lei&quot;&#10;     but: was &lt;[38099 Lei, 39999 Lei, 38099 Lei, 39999 Lei, 67566 Lei, 1090 Lei, 88125 Lei, 49800 Lei, 62300 Lei, 62300 Lei, 10000 Lei, 60700 Lei, 4000 Lei, 6000 Lei, 4000 Lei, 57000 Lei, 4000 Lei, 4000 Lei, 4000 Lei, 4000 Lei, 4000 Lei, 4000 Lei, 4000 Lei, 6000 Lei, 6000 Lei, 6000 Lei, 6000 Lei, 6000 Lei, 6000 Lei, 6000 Lei, 38999 Lei, 39999 Lei, , , , , , ]&gt;" type="java.lang.AssertionError">
Expected: not a collection containing a string containing "10000 Lei"
     but: was &lt;[38099 Lei, 39999 Lei, 38099 Lei, 39999 Lei, 67566 Lei, 1090 Lei, 88125 Lei, 49800 Lei, 62300 Lei, 62300 Lei, 10000 Lei, 60700 Lei, 4000 Lei, 6000 Lei, 4000 Lei, 57000 Lei, 4000 Lei, 4000 Lei, 4000 Lei, 4000 Lei, 4000 Lei, 4000 Lei, 4000 Lei, 6000 Lei, 6000 Lei, 6000 Lei, 6000 Lei, 6000 Lei, 6000 Lei, 6000 Lei, 38999 Lei, 39999 Lei, , , , , , ]&gt;</failure><system-err>
Expected: not a collection containing a string containing "10000 Lei"
     but: was &lt;[38099 Lei, 39999 Lei, 38099 Lei, 39999 Lei, 67566 Lei, 1090 Lei, 88125 Lei, 49800 Lei, 62300 Lei, 62300 Lei, 10000 Lei, 60700 Lei, 4000 Lei, 6000 Lei, 4000 Lei, 57000 Lei, 4000 Lei, 4000 Lei, 4000 Lei, 4000 Lei, 4000 Lei, 4000 Lei, 4000 Lei, 6000 Lei, 6000 Lei, 6000 Lei, 6000 Lei, 6000 Lei, 6000 Lei, 6000 Lei, 38999 Lei, 39999 Lei, , , , , , ]&gt;&#13;
org.example.steps.serenity.EmagEndUserSteps.should_not_find_requested_price(EmagEndUserSteps.java:30)&#13;
org.example.features.search.EmagSearchByPrice.searchEmagByProduct(EmagSearchByPrice.java:49)&#13;
</system-err></testcase></testsuite>